2020-11-26 18:10:21.253 [background-preinit] INFO  o.h.validator.internal.util.Version - HV000001: Hibernate Validator 6.1.5.Final
2020-11-26 18:10:22.518 [background-preinit] WARN  o.s.h.c.j.Jackson2ObjectMapperBuilder - For Jackson Kotlin classes support please add "com.fasterxml.jackson.module:jackson-module-kotlin" to the classpath
2020-11-26 18:10:23.825 [main] INFO  c.s.article.ArticleApplication - The following profiles are active: dev
2020-11-26 18:10:27.357 [main] INFO  o.s.d.r.c.RepositoryConfigurationDelegate - Multiple Spring Data modules found, entering strict repository configuration mode!
2020-11-26 18:10:27.360 [main] INFO  o.s.d.r.c.RepositoryConfigurationDelegate - Bootstrapping Spring Data MongoDB repositories in DEFAULT mode.
2020-11-26 18:10:27.415 [main] INFO  o.s.d.r.c.RepositoryConfigurationDelegate - Finished Spring Data repository scanning in 47ms. Found 0 MongoDB repository interfaces.
2020-11-26 18:10:27.444 [main] INFO  o.s.d.r.c.RepositoryConfigurationDelegate - Multiple Spring Data modules found, entering strict repository configuration mode!
2020-11-26 18:10:27.446 [main] INFO  o.s.d.r.c.RepositoryConfigurationDelegate - Bootstrapping Spring Data Redis repositories in DEFAULT mode.
2020-11-26 18:10:27.470 [main] INFO  o.s.d.r.c.RepositoryConfigurationDelegate - Finished Spring Data repository scanning in 6ms. Found 0 Redis repository interfaces.
2020-11-26 18:10:27.898 [main] WARN  o.m.s.mapper.ClassPathMapperScanner - No MyBatis mapper was found in '[com.soft1851.article]' package. Please check your configuration.
2020-11-26 18:10:28.182 [main] INFO  o.s.cloud.context.scope.GenericScope - BeanFactory id=faea8f97-481d-3152-abfb-c153d8704559
2020-11-26 18:10:29.684 [main] INFO  o.s.b.w.e.tomcat.TomcatWebServer - Tomcat initialized with port(s): 8001 (http)
2020-11-26 18:10:29.734 [main] INFO  o.a.coyote.http11.Http11NioProtocol - Initializing ProtocolHandler ["http-nio-8001"]
2020-11-26 18:10:29.735 [main] INFO  o.a.catalina.core.StandardService - Starting service [Tomcat]
2020-11-26 18:10:29.735 [main] INFO  o.a.catalina.core.StandardEngine - Starting Servlet engine: [Apache Tomcat/9.0.37]
2020-11-26 18:10:30.114 [main] INFO  o.a.c.c.C.[Tomcat].[localhost].[/] - Initializing Spring embedded WebApplicationContext
2020-11-26 18:10:30.115 [main] INFO  o.s.b.w.s.c.ServletWebServerApplicationContext - Root WebApplicationContext: initialization completed in 6220 ms
2020-11-26 18:10:34.326 [main] WARN  c.n.c.sources.URLConfigurationSource - No URLs will be polled as dynamic configuration sources.
2020-11-26 18:10:34.327 [main] INFO  c.n.c.sources.URLConfigurationSource - To enable URLs as dynamic configuration sources, define System property archaius.configurationSource.additionalUrls or make config.properties available on classpath.
2020-11-26 18:10:34.338 [main] WARN  c.n.c.sources.URLConfigurationSource - No URLs will be polled as dynamic configuration sources.
2020-11-26 18:10:34.338 [main] INFO  c.n.c.sources.URLConfigurationSource - To enable URLs as dynamic configuration sources, define System property archaius.configurationSource.additionalUrls or make config.properties available on classpath.
2020-11-26 18:10:34.837 [main] INFO  o.s.s.c.ThreadPoolTaskExecutor - Initializing ExecutorService 'applicationTaskExecutor'
2020-11-26 18:10:35.323 [main] INFO  t.m.m.a.MapperCacheDisabler - Clear tk.mybatis.mapper.util.MsUtil CLASS_CACHE cache.
2020-11-26 18:10:35.324 [main] INFO  t.m.m.a.MapperCacheDisabler - Clear tk.mybatis.mapper.genid.GenIdUtil CACHE cache.
2020-11-26 18:10:35.326 [main] INFO  t.m.m.a.MapperCacheDisabler - Clear tk.mybatis.mapper.version.VersionUtil CACHE cache.
2020-11-26 18:10:35.327 [main] INFO  t.m.m.a.MapperCacheDisabler - Clear EntityHelper entityTableMap cache.
2020-11-26 18:10:35.719 [main] INFO  org.mongodb.driver.cluster - Cluster created with settings {hosts=[120.55.50.130:27017], mode=SINGLE, requiredClusterType=UNKNOWN, serverSelectionTimeout='30000 ms', maxWaitQueueSize=500}
2020-11-26 18:10:36.010 [main] WARN  o.s.data.convert.CustomConversions - Registering converter from class java.time.LocalDateTime to class org.joda.time.LocalDateTime as reading converter although it doesn't convert from a store-supported type! You might want to check your annotation setup at the converter implementation.
2020-11-26 18:10:36.212 [cluster-ClusterId{value='5fbf7f1bba820b383aeffab1', description='null'}-120.55.50.130:27017] INFO  org.mongodb.driver.connection - Opened connection [connectionId{localValue:1, serverValue:363}] to 120.55.50.130:27017
2020-11-26 18:10:36.336 [cluster-ClusterId{value='5fbf7f1bba820b383aeffab1', description='null'}-120.55.50.130:27017] INFO  org.mongodb.driver.cluster - Monitor thread successfully connected to server with description ServerDescription{address=120.55.50.130:27017, type=STANDALONE, state=CONNECTED, ok=true, version=ServerVersion{versionList=[4, 4, 2]}, minWireVersion=0, maxWireVersion=9, maxDocumentSize=16777216, logicalSessionTimeoutMinutes=30, roundTripTimeNanos=111785600}
2020-11-26 18:10:36.367 [main] WARN  o.s.data.convert.CustomConversions - Registering converter from class java.time.LocalDateTime to class org.joda.time.LocalDateTime as reading converter although it doesn't convert from a store-supported type! You might want to check your annotation setup at the converter implementation.
2020-11-26 18:10:37.224 [main] INFO  o.s.s.c.ThreadPoolTaskScheduler - Initializing ExecutorService 'taskScheduler'
2020-11-26 18:10:38.315 [main] INFO  o.a.coyote.http11.Http11NioProtocol - Starting ProtocolHandler ["http-nio-8001"]
2020-11-26 18:10:38.393 [main] INFO  o.s.b.w.e.tomcat.TomcatWebServer - Tomcat started on port(s): 8001 (http) with context path ''
2020-11-26 18:10:39.024 [main] INFO  s.d.s.w.p.DocumentationPluginsBootstrapper - Context refreshed
2020-11-26 18:10:39.064 [main] INFO  s.d.s.w.p.DocumentationPluginsBootstrapper - Found 1 custom documentation plugin(s)
2020-11-26 18:10:39.100 [main] INFO  s.d.s.w.s.ApiListingReferenceScanner - Scanning for api listing references
2020-11-26 18:10:39.626 [main] INFO  c.s.article.ArticleApplication - Started ArticleApplication in 21.886 seconds (JVM running for 26.474)
2020-11-26 18:10:40.035 [scheduling-1] INFO  com.zaxxer.hikari.HikariDataSource - DateSourceHikariCP - Starting...
2020-11-26 18:10:41.023 [scheduling-1] INFO  com.zaxxer.hikari.HikariDataSource - DateSourceHikariCP - Start completed.
2020-11-26 18:11:24.933 [http-nio-8001-exec-3] INFO  o.a.c.c.C.[Tomcat].[localhost].[/] - Initializing Spring DispatcherServlet 'dispatcherServlet'
2020-11-26 18:11:24.934 [http-nio-8001-exec-3] INFO  o.s.web.servlet.DispatcherServlet - Initializing Servlet 'dispatcherServlet'
2020-11-26 18:11:24.967 [http-nio-8001-exec-3] INFO  o.s.web.servlet.DispatcherServlet - Completed initialization in 33 ms
2020-11-26 18:11:41.646 [http-nio-8001-exec-7] ERROR o.a.c.c.C.[.[.[.[dispatcherServlet] - Servlet.service() for servlet [dispatcherServlet] in context with path [] threw exception [Request processing failed; nested exception is java.lang.IllegalArgumentException: Source must not be null] with root cause
java.lang.IllegalArgumentException: Source must not be null
	at org.springframework.util.Assert.notNull(Assert.java:201)
	at org.springframework.beans.BeanUtils.copyProperties(BeanUtils.java:698)
	at org.springframework.beans.BeanUtils.copyProperties(BeanUtils.java:644)
	at com.soft1851.article.service.impl.ArticleServiceImpl.queryDetail(ArticleServiceImpl.java:147)
	at com.soft1851.article.service.impl.ArticleServiceImpl$$FastClassBySpringCGLIB$$77e78f28.invoke(<generated>)
	at org.springframework.cglib.proxy.MethodProxy.invoke(MethodProxy.java:218)
	at org.springframework.aop.framework.CglibAopProxy$DynamicAdvisedInterceptor.intercept(CglibAopProxy.java:687)
	at com.soft1851.article.service.impl.ArticleServiceImpl$$EnhancerBySpringCGLIB$$1728433f.queryDetail(<generated>)
	at com.soft1851.article.controller.ArticleController.detail(ArticleController.java:106)
	at java.base/jdk.internal.reflect.NativeMethodAccessorImpl.invoke0(Native Method)
	at java.base/jdk.internal.reflect.NativeMethodAccessorImpl.invoke(NativeMethodAccessorImpl.java:62)
	at java.base/jdk.internal.reflect.DelegatingMethodAccessorImpl.invoke(DelegatingMethodAccessorImpl.java:43)
	at java.base/java.lang.reflect.Method.invoke(Method.java:566)
	at org.springframework.web.method.support.InvocableHandlerMethod.doInvoke(InvocableHandlerMethod.java:190)
	at org.springframework.web.method.support.InvocableHandlerMethod.invokeForRequest(InvocableHandlerMethod.java:138)
	at org.springframework.web.servlet.mvc.method.annotation.ServletInvocableHandlerMethod.invokeAndHandle(ServletInvocableHandlerMethod.java:105)
	at org.springframework.web.servlet.mvc.method.annotation.RequestMappingHandlerAdapter.invokeHandlerMethod(RequestMappingHandlerAdapter.java:878)
	at org.springframework.web.servlet.mvc.method.annotation.RequestMappingHandlerAdapter.handleInternal(RequestMappingHandlerAdapter.java:792)
	at org.springframework.web.servlet.mvc.method.AbstractHandlerMethodAdapter.handle(AbstractHandlerMethodAdapter.java:87)
	at org.springframework.web.servlet.DispatcherServlet.doDispatch(DispatcherServlet.java:1040)
	at org.springframework.web.servlet.DispatcherServlet.doService(DispatcherServlet.java:943)
	at org.springframework.web.servlet.FrameworkServlet.processRequest(FrameworkServlet.java:1006)
	at org.springframework.web.servlet.FrameworkServlet.doGet(FrameworkServlet.java:898)
	at javax.servlet.http.HttpServlet.service(HttpServlet.java:626)
	at org.springframework.web.servlet.FrameworkServlet.service(FrameworkServlet.java:883)
	at javax.servlet.http.HttpServlet.service(HttpServlet.java:733)
	at org.apache.catalina.core.ApplicationFilterChain.internalDoFilter(ApplicationFilterChain.java:231)
	at org.apache.catalina.core.ApplicationFilterChain.doFilter(ApplicationFilterChain.java:166)
	at org.apache.tomcat.websocket.server.WsFilter.doFilter(WsFilter.java:53)
	at org.apache.catalina.core.ApplicationFilterChain.internalDoFilter(ApplicationFilterChain.java:193)
	at org.apache.catalina.core.ApplicationFilterChain.doFilter(ApplicationFilterChain.java:166)
	at org.springframework.web.filter.CorsFilter.doFilterInternal(CorsFilter.java:92)
	at org.springframework.web.filter.OncePerRequestFilter.doFilter(OncePerRequestFilter.java:119)
	at org.apache.catalina.core.ApplicationFilterChain.internalDoFilter(ApplicationFilterChain.java:193)
	at org.apache.catalina.core.ApplicationFilterChain.doFilter(ApplicationFilterChain.java:166)
	at org.springframework.web.filter.RequestContextFilter.doFilterInternal(RequestContextFilter.java:100)
	at org.springframework.web.filter.OncePerRequestFilter.doFilter(OncePerRequestFilter.java:119)
	at org.apache.catalina.core.ApplicationFilterChain.internalDoFilter(ApplicationFilterChain.java:193)
	at org.apache.catalina.core.ApplicationFilterChain.doFilter(ApplicationFilterChain.java:166)
	at org.springframework.web.filter.FormContentFilter.doFilterInternal(FormContentFilter.java:93)
	at org.springframework.web.filter.OncePerRequestFilter.doFilter(OncePerRequestFilter.java:119)
	at org.apache.catalina.core.ApplicationFilterChain.internalDoFilter(ApplicationFilterChain.java:193)
	at org.apache.catalina.core.ApplicationFilterChain.doFilter(ApplicationFilterChain.java:166)
	at org.springframework.web.filter.CharacterEncodingFilter.doFilterInternal(CharacterEncodingFilter.java:201)
	at org.springframework.web.filter.OncePerRequestFilter.doFilter(OncePerRequestFilter.java:119)
	at org.apache.catalina.core.ApplicationFilterChain.internalDoFilter(ApplicationFilterChain.java:193)
	at org.apache.catalina.core.ApplicationFilterChain.doFilter(ApplicationFilterChain.java:166)
	at org.apache.catalina.core.StandardWrapperValve.invoke(StandardWrapperValve.java:202)
	at org.apache.catalina.core.StandardContextValve.invoke(StandardContextValve.java:96)
	at org.apache.catalina.authenticator.AuthenticatorBase.invoke(AuthenticatorBase.java:541)
	at org.apache.catalina.core.StandardHostValve.invoke(StandardHostValve.java:139)
	at org.apache.catalina.valves.ErrorReportValve.invoke(ErrorReportValve.java:92)
	at org.apache.catalina.core.StandardEngineValve.invoke(StandardEngineValve.java:74)
	at org.apache.catalina.connector.CoyoteAdapter.service(CoyoteAdapter.java:343)
	at org.apache.coyote.http11.Http11Processor.service(Http11Processor.java:373)
	at org.apache.coyote.AbstractProcessorLight.process(AbstractProcessorLight.java:65)
	at org.apache.coyote.AbstractProtocol$ConnectionHandler.process(AbstractProtocol.java:868)
	at org.apache.tomcat.util.net.NioEndpoint$SocketProcessor.doRun(NioEndpoint.java:1589)
	at org.apache.tomcat.util.net.SocketProcessorBase.run(SocketProcessorBase.java:49)
	at java.base/java.util.concurrent.ThreadPoolExecutor.runWorker(ThreadPoolExecutor.java:1128)
	at java.base/java.util.concurrent.ThreadPoolExecutor$Worker.run(ThreadPoolExecutor.java:628)
	at org.apache.tomcat.util.threads.TaskThread$WrappingRunnable.run(TaskThread.java:61)
	at java.base/java.lang.Thread.run(Thread.java:834)
2020-11-26 18:13:40.494 [background-preinit] INFO  o.h.validator.internal.util.Version - HV000001: Hibernate Validator 6.1.5.Final
2020-11-26 18:13:41.657 [background-preinit] WARN  o.s.h.c.j.Jackson2ObjectMapperBuilder - For Jackson Kotlin classes support please add "com.fasterxml.jackson.module:jackson-module-kotlin" to the classpath
2020-11-26 18:13:42.562 [main] INFO  c.s.article.ArticleApplication - The following profiles are active: dev
2020-11-26 18:13:45.016 [main] INFO  o.s.d.r.c.RepositoryConfigurationDelegate - Multiple Spring Data modules found, entering strict repository configuration mode!
2020-11-26 18:13:45.017 [main] INFO  o.s.d.r.c.RepositoryConfigurationDelegate - Bootstrapping Spring Data MongoDB repositories in DEFAULT mode.
2020-11-26 18:13:45.076 [main] INFO  o.s.d.r.c.RepositoryConfigurationDelegate - Finished Spring Data repository scanning in 50ms. Found 0 MongoDB repository interfaces.
2020-11-26 18:13:45.106 [main] INFO  o.s.d.r.c.RepositoryConfigurationDelegate - Multiple Spring Data modules found, entering strict repository configuration mode!
2020-11-26 18:13:45.109 [main] INFO  o.s.d.r.c.RepositoryConfigurationDelegate - Bootstrapping Spring Data Redis repositories in DEFAULT mode.
2020-11-26 18:13:45.133 [main] INFO  o.s.d.r.c.RepositoryConfigurationDelegate - Finished Spring Data repository scanning in 8ms. Found 0 Redis repository interfaces.
2020-11-26 18:13:45.563 [main] WARN  o.m.s.mapper.ClassPathMapperScanner - No MyBatis mapper was found in '[com.soft1851.article]' package. Please check your configuration.
2020-11-26 18:13:45.784 [main] INFO  o.s.cloud.context.scope.GenericScope - BeanFactory id=faea8f97-481d-3152-abfb-c153d8704559
2020-11-26 18:13:47.088 [main] INFO  o.s.b.w.e.tomcat.TomcatWebServer - Tomcat initialized with port(s): 8001 (http)
2020-11-26 18:13:47.115 [main] INFO  o.a.coyote.http11.Http11NioProtocol - Initializing ProtocolHandler ["http-nio-8001"]
2020-11-26 18:13:47.116 [main] INFO  o.a.catalina.core.StandardService - Starting service [Tomcat]
2020-11-26 18:13:47.117 [main] INFO  o.a.catalina.core.StandardEngine - Starting Servlet engine: [Apache Tomcat/9.0.37]
2020-11-26 18:13:47.489 [main] INFO  o.a.c.c.C.[Tomcat].[localhost].[/] - Initializing Spring embedded WebApplicationContext
2020-11-26 18:13:47.490 [main] INFO  o.s.b.w.s.c.ServletWebServerApplicationContext - Root WebApplicationContext: initialization completed in 4871 ms
2020-11-26 18:13:51.569 [main] WARN  c.n.c.sources.URLConfigurationSource - No URLs will be polled as dynamic configuration sources.
2020-11-26 18:13:51.569 [main] INFO  c.n.c.sources.URLConfigurationSource - To enable URLs as dynamic configuration sources, define System property archaius.configurationSource.additionalUrls or make config.properties available on classpath.
2020-11-26 18:13:51.580 [main] WARN  c.n.c.sources.URLConfigurationSource - No URLs will be polled as dynamic configuration sources.
2020-11-26 18:13:51.580 [main] INFO  c.n.c.sources.URLConfigurationSource - To enable URLs as dynamic configuration sources, define System property archaius.configurationSource.additionalUrls or make config.properties available on classpath.
2020-11-26 18:13:52.056 [main] INFO  o.s.s.c.ThreadPoolTaskExecutor - Initializing ExecutorService 'applicationTaskExecutor'
2020-11-26 18:13:52.453 [main] INFO  t.m.m.a.MapperCacheDisabler - Clear tk.mybatis.mapper.util.MsUtil CLASS_CACHE cache.
2020-11-26 18:13:52.455 [main] INFO  t.m.m.a.MapperCacheDisabler - Clear tk.mybatis.mapper.genid.GenIdUtil CACHE cache.
2020-11-26 18:13:52.456 [main] INFO  t.m.m.a.MapperCacheDisabler - Clear tk.mybatis.mapper.version.VersionUtil CACHE cache.
2020-11-26 18:13:52.457 [main] INFO  t.m.m.a.MapperCacheDisabler - Clear EntityHelper entityTableMap cache.
2020-11-26 18:13:52.879 [main] INFO  org.mongodb.driver.cluster - Cluster created with settings {hosts=[120.55.50.130:27017], mode=SINGLE, requiredClusterType=UNKNOWN, serverSelectionTimeout='30000 ms', maxWaitQueueSize=500}
2020-11-26 18:13:53.102 [cluster-ClusterId{value='5fbf7fe0ce7233512238ca25', description='null'}-120.55.50.130:27017] INFO  org.mongodb.driver.connection - Opened connection [connectionId{localValue:1, serverValue:364}] to 120.55.50.130:27017
2020-11-26 18:13:53.171 [cluster-ClusterId{value='5fbf7fe0ce7233512238ca25', description='null'}-120.55.50.130:27017] INFO  org.mongodb.driver.cluster - Monitor thread successfully connected to server with description ServerDescription{address=120.55.50.130:27017, type=STANDALONE, state=CONNECTED, ok=true, version=ServerVersion{versionList=[4, 4, 2]}, minWireVersion=0, maxWireVersion=9, maxDocumentSize=16777216, logicalSessionTimeoutMinutes=30, roundTripTimeNanos=61869900}
2020-11-26 18:13:53.229 [main] WARN  o.s.data.convert.CustomConversions - Registering converter from class java.time.LocalDateTime to class org.joda.time.LocalDateTime as reading converter although it doesn't convert from a store-supported type! You might want to check your annotation setup at the converter implementation.
2020-11-26 18:13:53.300 [main] WARN  o.s.data.convert.CustomConversions - Registering converter from class java.time.LocalDateTime to class org.joda.time.LocalDateTime as reading converter although it doesn't convert from a store-supported type! You might want to check your annotation setup at the converter implementation.
2020-11-26 18:13:54.121 [main] INFO  o.s.s.c.ThreadPoolTaskScheduler - Initializing ExecutorService 'taskScheduler'
2020-11-26 18:13:55.372 [main] INFO  o.a.coyote.http11.Http11NioProtocol - Starting ProtocolHandler ["http-nio-8001"]
2020-11-26 18:13:55.454 [main] INFO  o.s.b.w.e.tomcat.TomcatWebServer - Tomcat started on port(s): 8001 (http) with context path ''
2020-11-26 18:13:56.132 [main] INFO  s.d.s.w.p.DocumentationPluginsBootstrapper - Context refreshed
2020-11-26 18:13:56.174 [main] INFO  s.d.s.w.p.DocumentationPluginsBootstrapper - Found 1 custom documentation plugin(s)
2020-11-26 18:13:56.205 [main] INFO  s.d.s.w.s.ApiListingReferenceScanner - Scanning for api listing references
2020-11-26 18:13:56.744 [main] INFO  c.s.article.ArticleApplication - Started ArticleApplication in 18.912 seconds (JVM running for 22.781)
2020-11-26 18:13:58.702 [http-nio-8001-exec-1] INFO  o.a.c.c.C.[Tomcat].[localhost].[/] - Initializing Spring DispatcherServlet 'dispatcherServlet'
2020-11-26 18:13:58.703 [http-nio-8001-exec-1] INFO  o.s.web.servlet.DispatcherServlet - Initializing Servlet 'dispatcherServlet'
2020-11-26 18:13:58.732 [http-nio-8001-exec-1] INFO  o.s.web.servlet.DispatcherServlet - Completed initialization in 29 ms
2020-11-26 18:13:58.944 [http-nio-8001-exec-1] INFO  com.zaxxer.hikari.HikariDataSource - DateSourceHikariCP - Starting...
2020-11-26 18:13:59.734 [http-nio-8001-exec-1] INFO  com.zaxxer.hikari.HikariDataSource - DateSourceHikariCP - Start completed.
2020-11-26 18:13:59.912 [http-nio-8001-exec-1] ERROR o.a.c.c.C.[.[.[.[dispatcherServlet] - Servlet.service() for servlet [dispatcherServlet] in context with path [] threw exception [Request processing failed; nested exception is java.lang.IllegalArgumentException: Source must not be null] with root cause
java.lang.IllegalArgumentException: Source must not be null
	at org.springframework.util.Assert.notNull(Assert.java:201)
	at org.springframework.beans.BeanUtils.copyProperties(BeanUtils.java:698)
	at org.springframework.beans.BeanUtils.copyProperties(BeanUtils.java:644)
	at com.soft1851.article.service.impl.ArticleServiceImpl.queryDetail(ArticleServiceImpl.java:146)
	at com.soft1851.article.service.impl.ArticleServiceImpl$$FastClassBySpringCGLIB$$77e78f28.invoke(<generated>)
	at org.springframework.cglib.proxy.MethodProxy.invoke(MethodProxy.java:218)
	at org.springframework.aop.framework.CglibAopProxy$DynamicAdvisedInterceptor.intercept(CglibAopProxy.java:687)
	at com.soft1851.article.service.impl.ArticleServiceImpl$$EnhancerBySpringCGLIB$$bd74cf9.queryDetail(<generated>)
	at com.soft1851.article.controller.ArticleController.detail(ArticleController.java:106)
	at java.base/jdk.internal.reflect.NativeMethodAccessorImpl.invoke0(Native Method)
	at java.base/jdk.internal.reflect.NativeMethodAccessorImpl.invoke(NativeMethodAccessorImpl.java:62)
	at java.base/jdk.internal.reflect.DelegatingMethodAccessorImpl.invoke(DelegatingMethodAccessorImpl.java:43)
	at java.base/java.lang.reflect.Method.invoke(Method.java:566)
	at org.springframework.web.method.support.InvocableHandlerMethod.doInvoke(InvocableHandlerMethod.java:190)
	at org.springframework.web.method.support.InvocableHandlerMethod.invokeForRequest(InvocableHandlerMethod.java:138)
	at org.springframework.web.servlet.mvc.method.annotation.ServletInvocableHandlerMethod.invokeAndHandle(ServletInvocableHandlerMethod.java:105)
	at org.springframework.web.servlet.mvc.method.annotation.RequestMappingHandlerAdapter.invokeHandlerMethod(RequestMappingHandlerAdapter.java:878)
	at org.springframework.web.servlet.mvc.method.annotation.RequestMappingHandlerAdapter.handleInternal(RequestMappingHandlerAdapter.java:792)
	at org.springframework.web.servlet.mvc.method.AbstractHandlerMethodAdapter.handle(AbstractHandlerMethodAdapter.java:87)
	at org.springframework.web.servlet.DispatcherServlet.doDispatch(DispatcherServlet.java:1040)
	at org.springframework.web.servlet.DispatcherServlet.doService(DispatcherServlet.java:943)
	at org.springframework.web.servlet.FrameworkServlet.processRequest(FrameworkServlet.java:1006)
	at org.springframework.web.servlet.FrameworkServlet.doGet(FrameworkServlet.java:898)
	at javax.servlet.http.HttpServlet.service(HttpServlet.java:626)
	at org.springframework.web.servlet.FrameworkServlet.service(FrameworkServlet.java:883)
	at javax.servlet.http.HttpServlet.service(HttpServlet.java:733)
	at org.apache.catalina.core.ApplicationFilterChain.internalDoFilter(ApplicationFilterChain.java:231)
	at org.apache.catalina.core.ApplicationFilterChain.doFilter(ApplicationFilterChain.java:166)
	at org.apache.tomcat.websocket.server.WsFilter.doFilter(WsFilter.java:53)
	at org.apache.catalina.core.ApplicationFilterChain.internalDoFilter(ApplicationFilterChain.java:193)
	at org.apache.catalina.core.ApplicationFilterChain.doFilter(ApplicationFilterChain.java:166)
	at org.springframework.web.filter.CorsFilter.doFilterInternal(CorsFilter.java:92)
	at org.springframework.web.filter.OncePerRequestFilter.doFilter(OncePerRequestFilter.java:119)
	at org.apache.catalina.core.ApplicationFilterChain.internalDoFilter(ApplicationFilterChain.java:193)
	at org.apache.catalina.core.ApplicationFilterChain.doFilter(ApplicationFilterChain.java:166)
	at org.springframework.web.filter.RequestContextFilter.doFilterInternal(RequestContextFilter.java:100)
	at org.springframework.web.filter.OncePerRequestFilter.doFilter(OncePerRequestFilter.java:119)
	at org.apache.catalina.core.ApplicationFilterChain.internalDoFilter(ApplicationFilterChain.java:193)
	at org.apache.catalina.core.ApplicationFilterChain.doFilter(ApplicationFilterChain.java:166)
	at org.springframework.web.filter.FormContentFilter.doFilterInternal(FormContentFilter.java:93)
	at org.springframework.web.filter.OncePerRequestFilter.doFilter(OncePerRequestFilter.java:119)
	at org.apache.catalina.core.ApplicationFilterChain.internalDoFilter(ApplicationFilterChain.java:193)
	at org.apache.catalina.core.ApplicationFilterChain.doFilter(ApplicationFilterChain.java:166)
	at org.springframework.web.filter.CharacterEncodingFilter.doFilterInternal(CharacterEncodingFilter.java:201)
	at org.springframework.web.filter.OncePerRequestFilter.doFilter(OncePerRequestFilter.java:119)
	at org.apache.catalina.core.ApplicationFilterChain.internalDoFilter(ApplicationFilterChain.java:193)
	at org.apache.catalina.core.ApplicationFilterChain.doFilter(ApplicationFilterChain.java:166)
	at org.apache.catalina.core.StandardWrapperValve.invoke(StandardWrapperValve.java:202)
	at org.apache.catalina.core.StandardContextValve.invoke(StandardContextValve.java:96)
	at org.apache.catalina.authenticator.AuthenticatorBase.invoke(AuthenticatorBase.java:541)
	at org.apache.catalina.core.StandardHostValve.invoke(StandardHostValve.java:139)
	at org.apache.catalina.valves.ErrorReportValve.invoke(ErrorReportValve.java:92)
	at org.apache.catalina.core.StandardEngineValve.invoke(StandardEngineValve.java:74)
	at org.apache.catalina.connector.CoyoteAdapter.service(CoyoteAdapter.java:343)
	at org.apache.coyote.http11.Http11Processor.service(Http11Processor.java:373)
	at org.apache.coyote.AbstractProcessorLight.process(AbstractProcessorLight.java:65)
	at org.apache.coyote.AbstractProtocol$ConnectionHandler.process(AbstractProtocol.java:868)
	at org.apache.tomcat.util.net.NioEndpoint$SocketProcessor.doRun(NioEndpoint.java:1589)
	at org.apache.tomcat.util.net.SocketProcessorBase.run(SocketProcessorBase.java:49)
	at java.base/java.util.concurrent.ThreadPoolExecutor.runWorker(ThreadPoolExecutor.java:1128)
	at java.base/java.util.concurrent.ThreadPoolExecutor$Worker.run(ThreadPoolExecutor.java:628)
	at org.apache.tomcat.util.threads.TaskThread$WrappingRunnable.run(TaskThread.java:61)
	at java.base/java.lang.Thread.run(Thread.java:834)
2020-11-26 18:16:27.748 [background-preinit] INFO  o.h.validator.internal.util.Version - HV000001: Hibernate Validator 6.1.5.Final
2020-11-26 18:16:28.674 [background-preinit] WARN  o.s.h.c.j.Jackson2ObjectMapperBuilder - For Jackson Kotlin classes support please add "com.fasterxml.jackson.module:jackson-module-kotlin" to the classpath
2020-11-26 18:16:29.512 [main] INFO  c.s.article.ArticleApplication - The following profiles are active: dev
2020-11-26 18:16:32.187 [main] INFO  o.s.d.r.c.RepositoryConfigurationDelegate - Multiple Spring Data modules found, entering strict repository configuration mode!
2020-11-26 18:16:32.189 [main] INFO  o.s.d.r.c.RepositoryConfigurationDelegate - Bootstrapping Spring Data MongoDB repositories in DEFAULT mode.
2020-11-26 18:16:32.248 [main] INFO  o.s.d.r.c.RepositoryConfigurationDelegate - Finished Spring Data repository scanning in 50ms. Found 0 MongoDB repository interfaces.
2020-11-26 18:16:32.281 [main] INFO  o.s.d.r.c.RepositoryConfigurationDelegate - Multiple Spring Data modules found, entering strict repository configuration mode!
2020-11-26 18:16:32.284 [main] INFO  o.s.d.r.c.RepositoryConfigurationDelegate - Bootstrapping Spring Data Redis repositories in DEFAULT mode.
2020-11-26 18:16:32.341 [main] INFO  o.s.d.r.c.RepositoryConfigurationDelegate - Finished Spring Data repository scanning in 38ms. Found 0 Redis repository interfaces.
2020-11-26 18:16:32.926 [main] WARN  o.m.s.mapper.ClassPathMapperScanner - No MyBatis mapper was found in '[com.soft1851.article]' package. Please check your configuration.
2020-11-26 18:16:33.249 [main] INFO  o.s.cloud.context.scope.GenericScope - BeanFactory id=faea8f97-481d-3152-abfb-c153d8704559
2020-11-26 18:16:34.591 [main] INFO  o.s.b.w.e.tomcat.TomcatWebServer - Tomcat initialized with port(s): 8001 (http)
2020-11-26 18:16:34.618 [main] INFO  o.a.coyote.http11.Http11NioProtocol - Initializing ProtocolHandler ["http-nio-8001"]
2020-11-26 18:16:34.619 [main] INFO  o.a.catalina.core.StandardService - Starting service [Tomcat]
2020-11-26 18:16:34.619 [main] INFO  o.a.catalina.core.StandardEngine - Starting Servlet engine: [Apache Tomcat/9.0.37]
2020-11-26 18:16:34.978 [main] INFO  o.a.c.c.C.[Tomcat].[localhost].[/] - Initializing Spring embedded WebApplicationContext
2020-11-26 18:16:34.979 [main] INFO  o.s.b.w.s.c.ServletWebServerApplicationContext - Root WebApplicationContext: initialization completed in 5419 ms
2020-11-26 18:16:39.098 [main] WARN  c.n.c.sources.URLConfigurationSource - No URLs will be polled as dynamic configuration sources.
2020-11-26 18:16:39.099 [main] INFO  c.n.c.sources.URLConfigurationSource - To enable URLs as dynamic configuration sources, define System property archaius.configurationSource.additionalUrls or make config.properties available on classpath.
2020-11-26 18:16:39.117 [main] WARN  c.n.c.sources.URLConfigurationSource - No URLs will be polled as dynamic configuration sources.
2020-11-26 18:16:39.117 [main] INFO  c.n.c.sources.URLConfigurationSource - To enable URLs as dynamic configuration sources, define System property archaius.configurationSource.additionalUrls or make config.properties available on classpath.
2020-11-26 18:16:39.591 [main] INFO  o.s.s.c.ThreadPoolTaskExecutor - Initializing ExecutorService 'applicationTaskExecutor'
2020-11-26 18:16:39.949 [main] INFO  t.m.m.a.MapperCacheDisabler - Clear tk.mybatis.mapper.util.MsUtil CLASS_CACHE cache.
2020-11-26 18:16:39.950 [main] INFO  t.m.m.a.MapperCacheDisabler - Clear tk.mybatis.mapper.genid.GenIdUtil CACHE cache.
2020-11-26 18:16:39.951 [main] INFO  t.m.m.a.MapperCacheDisabler - Clear tk.mybatis.mapper.version.VersionUtil CACHE cache.
2020-11-26 18:16:39.952 [main] INFO  t.m.m.a.MapperCacheDisabler - Clear EntityHelper entityTableMap cache.
2020-11-26 18:16:40.399 [main] INFO  org.mongodb.driver.cluster - Cluster created with settings {hosts=[120.55.50.130:27017], mode=SINGLE, requiredClusterType=UNKNOWN, serverSelectionTimeout='30000 ms', maxWaitQueueSize=500}
2020-11-26 18:16:40.667 [cluster-ClusterId{value='5fbf8088322bfd1533ef5351', description='null'}-120.55.50.130:27017] INFO  org.mongodb.driver.connection - Opened connection [connectionId{localValue:1, serverValue:365}] to 120.55.50.130:27017
2020-11-26 18:16:40.782 [main] WARN  o.s.data.convert.CustomConversions - Registering converter from class java.time.LocalDateTime to class org.joda.time.LocalDateTime as reading converter although it doesn't convert from a store-supported type! You might want to check your annotation setup at the converter implementation.
2020-11-26 18:16:40.828 [cluster-ClusterId{value='5fbf8088322bfd1533ef5351', description='null'}-120.55.50.130:27017] INFO  org.mongodb.driver.cluster - Monitor thread successfully connected to server with description ServerDescription{address=120.55.50.130:27017, type=STANDALONE, state=CONNECTED, ok=true, version=ServerVersion{versionList=[4, 4, 2]}, minWireVersion=0, maxWireVersion=9, maxDocumentSize=16777216, logicalSessionTimeoutMinutes=30, roundTripTimeNanos=152493400}
2020-11-26 18:16:40.883 [main] WARN  o.s.data.convert.CustomConversions - Registering converter from class java.time.LocalDateTime to class org.joda.time.LocalDateTime as reading converter although it doesn't convert from a store-supported type! You might want to check your annotation setup at the converter implementation.
2020-11-26 18:16:41.686 [main] INFO  o.s.s.c.ThreadPoolTaskScheduler - Initializing ExecutorService 'taskScheduler'
2020-11-26 18:16:42.605 [main] INFO  o.a.coyote.http11.Http11NioProtocol - Starting ProtocolHandler ["http-nio-8001"]
2020-11-26 18:16:42.669 [main] INFO  o.s.b.w.e.tomcat.TomcatWebServer - Tomcat started on port(s): 8001 (http) with context path ''
2020-11-26 18:16:43.285 [main] INFO  s.d.s.w.p.DocumentationPluginsBootstrapper - Context refreshed
2020-11-26 18:16:43.362 [main] INFO  s.d.s.w.p.DocumentationPluginsBootstrapper - Found 1 custom documentation plugin(s)
2020-11-26 18:16:43.401 [main] INFO  s.d.s.w.s.ApiListingReferenceScanner - Scanning for api listing references
2020-11-26 18:16:43.907 [main] INFO  c.s.article.ArticleApplication - Started ArticleApplication in 19.193 seconds (JVM running for 23.546)
2020-11-26 18:16:50.042 [scheduling-1] INFO  com.zaxxer.hikari.HikariDataSource - DateSourceHikariCP - Starting...
2020-11-26 18:16:50.669 [scheduling-1] INFO  com.zaxxer.hikari.HikariDataSource - DateSourceHikariCP - Start completed.
2020-11-26 18:16:54.749 [http-nio-8001-exec-1] INFO  o.a.c.c.C.[Tomcat].[localhost].[/] - Initializing Spring DispatcherServlet 'dispatcherServlet'
2020-11-26 18:16:54.750 [http-nio-8001-exec-1] INFO  o.s.web.servlet.DispatcherServlet - Initializing Servlet 'dispatcherServlet'
2020-11-26 18:16:54.773 [http-nio-8001-exec-1] INFO  o.s.web.servlet.DispatcherServlet - Completed initialization in 23 ms
2020-11-26 18:16:54.967 [http-nio-8001-exec-1] ERROR o.a.c.c.C.[.[.[.[dispatcherServlet] - Servlet.service() for servlet [dispatcherServlet] in context with path [] threw exception [Request processing failed; nested exception is java.lang.IllegalArgumentException: Source must not be null] with root cause
java.lang.IllegalArgumentException: Source must not be null
	at org.springframework.util.Assert.notNull(Assert.java:201)
	at org.springframework.beans.BeanUtils.copyProperties(BeanUtils.java:698)
	at org.springframework.beans.BeanUtils.copyProperties(BeanUtils.java:644)
	at com.soft1851.article.service.impl.ArticleServiceImpl.queryDetail(ArticleServiceImpl.java:146)
	at com.soft1851.article.service.impl.ArticleServiceImpl$$FastClassBySpringCGLIB$$77e78f28.invoke(<generated>)
	at org.springframework.cglib.proxy.MethodProxy.invoke(MethodProxy.java:218)
	at org.springframework.aop.framework.CglibAopProxy$DynamicAdvisedInterceptor.intercept(CglibAopProxy.java:687)
	at com.soft1851.article.service.impl.ArticleServiceImpl$$EnhancerBySpringCGLIB$$72182b2.queryDetail(<generated>)
	at com.soft1851.article.controller.ArticleController.detail(ArticleController.java:106)
	at java.base/jdk.internal.reflect.NativeMethodAccessorImpl.invoke0(Native Method)
	at java.base/jdk.internal.reflect.NativeMethodAccessorImpl.invoke(NativeMethodAccessorImpl.java:62)
	at java.base/jdk.internal.reflect.DelegatingMethodAccessorImpl.invoke(DelegatingMethodAccessorImpl.java:43)
	at java.base/java.lang.reflect.Method.invoke(Method.java:566)
	at org.springframework.web.method.support.InvocableHandlerMethod.doInvoke(InvocableHandlerMethod.java:190)
	at org.springframework.web.method.support.InvocableHandlerMethod.invokeForRequest(InvocableHandlerMethod.java:138)
	at org.springframework.web.servlet.mvc.method.annotation.ServletInvocableHandlerMethod.invokeAndHandle(ServletInvocableHandlerMethod.java:105)
	at org.springframework.web.servlet.mvc.method.annotation.RequestMappingHandlerAdapter.invokeHandlerMethod(RequestMappingHandlerAdapter.java:878)
	at org.springframework.web.servlet.mvc.method.annotation.RequestMappingHandlerAdapter.handleInternal(RequestMappingHandlerAdapter.java:792)
	at org.springframework.web.servlet.mvc.method.AbstractHandlerMethodAdapter.handle(AbstractHandlerMethodAdapter.java:87)
	at org.springframework.web.servlet.DispatcherServlet.doDispatch(DispatcherServlet.java:1040)
	at org.springframework.web.servlet.DispatcherServlet.doService(DispatcherServlet.java:943)
	at org.springframework.web.servlet.FrameworkServlet.processRequest(FrameworkServlet.java:1006)
	at org.springframework.web.servlet.FrameworkServlet.doGet(FrameworkServlet.java:898)
	at javax.servlet.http.HttpServlet.service(HttpServlet.java:626)
	at org.springframework.web.servlet.FrameworkServlet.service(FrameworkServlet.java:883)
	at javax.servlet.http.HttpServlet.service(HttpServlet.java:733)
	at org.apache.catalina.core.ApplicationFilterChain.internalDoFilter(ApplicationFilterChain.java:231)
	at org.apache.catalina.core.ApplicationFilterChain.doFilter(ApplicationFilterChain.java:166)
	at org.apache.tomcat.websocket.server.WsFilter.doFilter(WsFilter.java:53)
	at org.apache.catalina.core.ApplicationFilterChain.internalDoFilter(ApplicationFilterChain.java:193)
	at org.apache.catalina.core.ApplicationFilterChain.doFilter(ApplicationFilterChain.java:166)
	at org.springframework.web.filter.CorsFilter.doFilterInternal(CorsFilter.java:92)
	at org.springframework.web.filter.OncePerRequestFilter.doFilter(OncePerRequestFilter.java:119)
	at org.apache.catalina.core.ApplicationFilterChain.internalDoFilter(ApplicationFilterChain.java:193)
	at org.apache.catalina.core.ApplicationFilterChain.doFilter(ApplicationFilterChain.java:166)
	at org.springframework.web.filter.RequestContextFilter.doFilterInternal(RequestContextFilter.java:100)
	at org.springframework.web.filter.OncePerRequestFilter.doFilter(OncePerRequestFilter.java:119)
	at org.apache.catalina.core.ApplicationFilterChain.internalDoFilter(ApplicationFilterChain.java:193)
	at org.apache.catalina.core.ApplicationFilterChain.doFilter(ApplicationFilterChain.java:166)
	at org.springframework.web.filter.FormContentFilter.doFilterInternal(FormContentFilter.java:93)
	at org.springframework.web.filter.OncePerRequestFilter.doFilter(OncePerRequestFilter.java:119)
	at org.apache.catalina.core.ApplicationFilterChain.internalDoFilter(ApplicationFilterChain.java:193)
	at org.apache.catalina.core.ApplicationFilterChain.doFilter(ApplicationFilterChain.java:166)
	at org.springframework.web.filter.CharacterEncodingFilter.doFilterInternal(CharacterEncodingFilter.java:201)
	at org.springframework.web.filter.OncePerRequestFilter.doFilter(OncePerRequestFilter.java:119)
	at org.apache.catalina.core.ApplicationFilterChain.internalDoFilter(ApplicationFilterChain.java:193)
	at org.apache.catalina.core.ApplicationFilterChain.doFilter(ApplicationFilterChain.java:166)
	at org.apache.catalina.core.StandardWrapperValve.invoke(StandardWrapperValve.java:202)
	at org.apache.catalina.core.StandardContextValve.invoke(StandardContextValve.java:96)
	at org.apache.catalina.authenticator.AuthenticatorBase.invoke(AuthenticatorBase.java:541)
	at org.apache.catalina.core.StandardHostValve.invoke(StandardHostValve.java:139)
	at org.apache.catalina.valves.ErrorReportValve.invoke(ErrorReportValve.java:92)
	at org.apache.catalina.core.StandardEngineValve.invoke(StandardEngineValve.java:74)
	at org.apache.catalina.connector.CoyoteAdapter.service(CoyoteAdapter.java:343)
	at org.apache.coyote.http11.Http11Processor.service(Http11Processor.java:373)
	at org.apache.coyote.AbstractProcessorLight.process(AbstractProcessorLight.java:65)
	at org.apache.coyote.AbstractProtocol$ConnectionHandler.process(AbstractProtocol.java:868)
	at org.apache.tomcat.util.net.NioEndpoint$SocketProcessor.doRun(NioEndpoint.java:1589)
	at org.apache.tomcat.util.net.SocketProcessorBase.run(SocketProcessorBase.java:49)
	at java.base/java.util.concurrent.ThreadPoolExecutor.runWorker(ThreadPoolExecutor.java:1128)
	at java.base/java.util.concurrent.ThreadPoolExecutor$Worker.run(ThreadPoolExecutor.java:628)
	at org.apache.tomcat.util.threads.TaskThread$WrappingRunnable.run(TaskThread.java:61)
	at java.base/java.lang.Thread.run(Thread.java:834)
2020-11-26 18:26:57.411 [background-preinit] INFO  o.h.validator.internal.util.Version - HV000001: Hibernate Validator 6.1.5.Final
2020-11-26 18:26:58.568 [background-preinit] WARN  o.s.h.c.j.Jackson2ObjectMapperBuilder - For Jackson Kotlin classes support please add "com.fasterxml.jackson.module:jackson-module-kotlin" to the classpath
2020-11-26 18:26:59.524 [main] INFO  c.s.article.ArticleApplication - The following profiles are active: dev
2020-11-26 18:27:02.519 [main] INFO  o.s.d.r.c.RepositoryConfigurationDelegate - Multiple Spring Data modules found, entering strict repository configuration mode!
2020-11-26 18:27:02.520 [main] INFO  o.s.d.r.c.RepositoryConfigurationDelegate - Bootstrapping Spring Data MongoDB repositories in DEFAULT mode.
2020-11-26 18:27:02.582 [main] INFO  o.s.d.r.c.RepositoryConfigurationDelegate - Finished Spring Data repository scanning in 55ms. Found 0 MongoDB repository interfaces.
2020-11-26 18:27:02.613 [main] INFO  o.s.d.r.c.RepositoryConfigurationDelegate - Multiple Spring Data modules found, entering strict repository configuration mode!
2020-11-26 18:27:02.615 [main] INFO  o.s.d.r.c.RepositoryConfigurationDelegate - Bootstrapping Spring Data Redis repositories in DEFAULT mode.
2020-11-26 18:27:02.640 [main] INFO  o.s.d.r.c.RepositoryConfigurationDelegate - Finished Spring Data repository scanning in 7ms. Found 0 Redis repository interfaces.
2020-11-26 18:27:03.214 [main] WARN  o.m.s.mapper.ClassPathMapperScanner - No MyBatis mapper was found in '[com.soft1851.article]' package. Please check your configuration.
2020-11-26 18:27:03.491 [main] INFO  o.s.cloud.context.scope.GenericScope - BeanFactory id=faea8f97-481d-3152-abfb-c153d8704559
2020-11-26 18:27:05.090 [main] INFO  o.s.b.w.e.tomcat.TomcatWebServer - Tomcat initialized with port(s): 8001 (http)
2020-11-26 18:27:05.124 [main] INFO  o.a.coyote.http11.Http11NioProtocol - Initializing ProtocolHandler ["http-nio-8001"]
2020-11-26 18:27:05.125 [main] INFO  o.a.catalina.core.StandardService - Starting service [Tomcat]
2020-11-26 18:27:05.125 [main] INFO  o.a.catalina.core.StandardEngine - Starting Servlet engine: [Apache Tomcat/9.0.37]
2020-11-26 18:27:05.757 [main] INFO  o.a.c.c.C.[Tomcat].[localhost].[/] - Initializing Spring embedded WebApplicationContext
2020-11-26 18:27:05.758 [main] INFO  o.s.b.w.s.c.ServletWebServerApplicationContext - Root WebApplicationContext: initialization completed in 6177 ms
2020-11-26 18:27:10.625 [main] WARN  c.n.c.sources.URLConfigurationSource - No URLs will be polled as dynamic configuration sources.
2020-11-26 18:27:10.625 [main] INFO  c.n.c.sources.URLConfigurationSource - To enable URLs as dynamic configuration sources, define System property archaius.configurationSource.additionalUrls or make config.properties available on classpath.
2020-11-26 18:27:10.639 [main] WARN  c.n.c.sources.URLConfigurationSource - No URLs will be polled as dynamic configuration sources.
2020-11-26 18:27:10.640 [main] INFO  c.n.c.sources.URLConfigurationSource - To enable URLs as dynamic configuration sources, define System property archaius.configurationSource.additionalUrls or make config.properties available on classpath.
2020-11-26 18:27:11.157 [main] INFO  o.s.s.c.ThreadPoolTaskExecutor - Initializing ExecutorService 'applicationTaskExecutor'
2020-11-26 18:27:11.576 [main] INFO  t.m.m.a.MapperCacheDisabler - Clear tk.mybatis.mapper.util.MsUtil CLASS_CACHE cache.
2020-11-26 18:27:11.586 [main] INFO  t.m.m.a.MapperCacheDisabler - Clear tk.mybatis.mapper.genid.GenIdUtil CACHE cache.
2020-11-26 18:27:11.587 [main] INFO  t.m.m.a.MapperCacheDisabler - Clear tk.mybatis.mapper.version.VersionUtil CACHE cache.
2020-11-26 18:27:11.588 [main] INFO  t.m.m.a.MapperCacheDisabler - Clear EntityHelper entityTableMap cache.
2020-11-26 18:27:12.025 [main] INFO  org.mongodb.driver.cluster - Cluster created with settings {hosts=[120.55.50.130:27017], mode=SINGLE, requiredClusterType=UNKNOWN, serverSelectionTimeout='30000 ms', maxWaitQueueSize=500}
2020-11-26 18:27:12.291 [main] WARN  o.s.data.convert.CustomConversions - Registering converter from class java.time.LocalDateTime to class org.joda.time.LocalDateTime as reading converter although it doesn't convert from a store-supported type! You might want to check your annotation setup at the converter implementation.
2020-11-26 18:27:12.442 [main] WARN  o.s.data.convert.CustomConversions - Registering converter from class java.time.LocalDateTime to class org.joda.time.LocalDateTime as reading converter although it doesn't convert from a store-supported type! You might want to check your annotation setup at the converter implementation.
2020-11-26 18:27:12.585 [cluster-ClusterId{value='5fbf83007cddd61a7e6bb209', description='null'}-120.55.50.130:27017] INFO  org.mongodb.driver.connection - Opened connection [connectionId{localValue:1, serverValue:366}] to 120.55.50.130:27017
2020-11-26 18:27:12.632 [cluster-ClusterId{value='5fbf83007cddd61a7e6bb209', description='null'}-120.55.50.130:27017] INFO  org.mongodb.driver.cluster - Monitor thread successfully connected to server with description ServerDescription{address=120.55.50.130:27017, type=STANDALONE, state=CONNECTED, ok=true, version=ServerVersion{versionList=[4, 4, 2]}, minWireVersion=0, maxWireVersion=9, maxDocumentSize=16777216, logicalSessionTimeoutMinutes=30, roundTripTimeNanos=39119200}
2020-11-26 18:27:13.566 [main] INFO  o.s.s.c.ThreadPoolTaskScheduler - Initializing ExecutorService 'taskScheduler'
2020-11-26 18:27:14.968 [main] INFO  o.a.coyote.http11.Http11NioProtocol - Starting ProtocolHandler ["http-nio-8001"]
2020-11-26 18:27:15.049 [main] INFO  o.s.b.w.e.tomcat.TomcatWebServer - Tomcat started on port(s): 8001 (http) with context path ''
2020-11-26 18:27:16.341 [main] INFO  s.d.s.w.p.DocumentationPluginsBootstrapper - Context refreshed
2020-11-26 18:27:16.394 [main] INFO  s.d.s.w.p.DocumentationPluginsBootstrapper - Found 1 custom documentation plugin(s)
2020-11-26 18:27:16.440 [main] INFO  s.d.s.w.s.ApiListingReferenceScanner - Scanning for api listing references
2020-11-26 18:27:17.557 [main] INFO  c.s.article.ArticleApplication - Started ArticleApplication in 23.543 seconds (JVM running for 27.723)
2020-11-26 18:27:20.045 [scheduling-1] INFO  com.zaxxer.hikari.HikariDataSource - DateSourceHikariCP - Starting...
2020-11-26 18:27:20.958 [scheduling-1] INFO  com.zaxxer.hikari.HikariDataSource - DateSourceHikariCP - Start completed.
2020-11-26 18:27:28.932 [http-nio-8001-exec-1] INFO  o.a.c.c.C.[Tomcat].[localhost].[/] - Initializing Spring DispatcherServlet 'dispatcherServlet'
2020-11-26 18:27:28.933 [http-nio-8001-exec-1] INFO  o.s.web.servlet.DispatcherServlet - Initializing Servlet 'dispatcherServlet'
2020-11-26 18:27:28.970 [http-nio-8001-exec-1] INFO  o.s.web.servlet.DispatcherServlet - Completed initialization in 36 ms
2020-11-26 18:27:29.257 [http-nio-8001-exec-1] ERROR o.a.c.c.C.[.[.[.[dispatcherServlet] - Servlet.service() for servlet [dispatcherServlet] in context with path [] threw exception [Request processing failed; nested exception is java.lang.IllegalArgumentException: Source must not be null] with root cause
java.lang.IllegalArgumentException: Source must not be null
	at org.springframework.util.Assert.notNull(Assert.java:201)
	at org.springframework.beans.BeanUtils.copyProperties(BeanUtils.java:698)
	at org.springframework.beans.BeanUtils.copyProperties(BeanUtils.java:644)
	at com.soft1851.article.service.impl.ArticleServiceImpl.queryDetail(ArticleServiceImpl.java:146)
	at com.soft1851.article.service.impl.ArticleServiceImpl$$FastClassBySpringCGLIB$$77e78f28.invoke(<generated>)
	at org.springframework.cglib.proxy.MethodProxy.invoke(MethodProxy.java:218)
	at org.springframework.aop.framework.CglibAopProxy$DynamicAdvisedInterceptor.intercept(CglibAopProxy.java:687)
	at com.soft1851.article.service.impl.ArticleServiceImpl$$EnhancerBySpringCGLIB$$9e250751.queryDetail(<generated>)
	at com.soft1851.article.controller.ArticleController.detail(ArticleController.java:106)
	at java.base/jdk.internal.reflect.NativeMethodAccessorImpl.invoke0(Native Method)
	at java.base/jdk.internal.reflect.NativeMethodAccessorImpl.invoke(NativeMethodAccessorImpl.java:62)
	at java.base/jdk.internal.reflect.DelegatingMethodAccessorImpl.invoke(DelegatingMethodAccessorImpl.java:43)
	at java.base/java.lang.reflect.Method.invoke(Method.java:566)
	at org.springframework.web.method.support.InvocableHandlerMethod.doInvoke(InvocableHandlerMethod.java:190)
	at org.springframework.web.method.support.InvocableHandlerMethod.invokeForRequest(InvocableHandlerMethod.java:138)
	at org.springframework.web.servlet.mvc.method.annotation.ServletInvocableHandlerMethod.invokeAndHandle(ServletInvocableHandlerMethod.java:105)
	at org.springframework.web.servlet.mvc.method.annotation.RequestMappingHandlerAdapter.invokeHandlerMethod(RequestMappingHandlerAdapter.java:878)
	at org.springframework.web.servlet.mvc.method.annotation.RequestMappingHandlerAdapter.handleInternal(RequestMappingHandlerAdapter.java:792)
	at org.springframework.web.servlet.mvc.method.AbstractHandlerMethodAdapter.handle(AbstractHandlerMethodAdapter.java:87)
	at org.springframework.web.servlet.DispatcherServlet.doDispatch(DispatcherServlet.java:1040)
	at org.springframework.web.servlet.DispatcherServlet.doService(DispatcherServlet.java:943)
	at org.springframework.web.servlet.FrameworkServlet.processRequest(FrameworkServlet.java:1006)
	at org.springframework.web.servlet.FrameworkServlet.doGet(FrameworkServlet.java:898)
	at javax.servlet.http.HttpServlet.service(HttpServlet.java:626)
	at org.springframework.web.servlet.FrameworkServlet.service(FrameworkServlet.java:883)
	at javax.servlet.http.HttpServlet.service(HttpServlet.java:733)
	at org.apache.catalina.core.ApplicationFilterChain.internalDoFilter(ApplicationFilterChain.java:231)
	at org.apache.catalina.core.ApplicationFilterChain.doFilter(ApplicationFilterChain.java:166)
	at org.apache.tomcat.websocket.server.WsFilter.doFilter(WsFilter.java:53)
	at org.apache.catalina.core.ApplicationFilterChain.internalDoFilter(ApplicationFilterChain.java:193)
	at org.apache.catalina.core.ApplicationFilterChain.doFilter(ApplicationFilterChain.java:166)
	at org.springframework.web.filter.CorsFilter.doFilterInternal(CorsFilter.java:92)
	at org.springframework.web.filter.OncePerRequestFilter.doFilter(OncePerRequestFilter.java:119)
	at org.apache.catalina.core.ApplicationFilterChain.internalDoFilter(ApplicationFilterChain.java:193)
	at org.apache.catalina.core.ApplicationFilterChain.doFilter(ApplicationFilterChain.java:166)
	at org.springframework.web.filter.RequestContextFilter.doFilterInternal(RequestContextFilter.java:100)
	at org.springframework.web.filter.OncePerRequestFilter.doFilter(OncePerRequestFilter.java:119)
	at org.apache.catalina.core.ApplicationFilterChain.internalDoFilter(ApplicationFilterChain.java:193)
	at org.apache.catalina.core.ApplicationFilterChain.doFilter(ApplicationFilterChain.java:166)
	at org.springframework.web.filter.FormContentFilter.doFilterInternal(FormContentFilter.java:93)
	at org.springframework.web.filter.OncePerRequestFilter.doFilter(OncePerRequestFilter.java:119)
	at org.apache.catalina.core.ApplicationFilterChain.internalDoFilter(ApplicationFilterChain.java:193)
	at org.apache.catalina.core.ApplicationFilterChain.doFilter(ApplicationFilterChain.java:166)
	at org.springframework.web.filter.CharacterEncodingFilter.doFilterInternal(CharacterEncodingFilter.java:201)
	at org.springframework.web.filter.OncePerRequestFilter.doFilter(OncePerRequestFilter.java:119)
	at org.apache.catalina.core.ApplicationFilterChain.internalDoFilter(ApplicationFilterChain.java:193)
	at org.apache.catalina.core.ApplicationFilterChain.doFilter(ApplicationFilterChain.java:166)
	at org.apache.catalina.core.StandardWrapperValve.invoke(StandardWrapperValve.java:202)
	at org.apache.catalina.core.StandardContextValve.invoke(StandardContextValve.java:96)
	at org.apache.catalina.authenticator.AuthenticatorBase.invoke(AuthenticatorBase.java:541)
	at org.apache.catalina.core.StandardHostValve.invoke(StandardHostValve.java:139)
	at org.apache.catalina.valves.ErrorReportValve.invoke(ErrorReportValve.java:92)
	at org.apache.catalina.core.StandardEngineValve.invoke(StandardEngineValve.java:74)
	at org.apache.catalina.connector.CoyoteAdapter.service(CoyoteAdapter.java:343)
	at org.apache.coyote.http11.Http11Processor.service(Http11Processor.java:373)
	at org.apache.coyote.AbstractProcessorLight.process(AbstractProcessorLight.java:65)
	at org.apache.coyote.AbstractProtocol$ConnectionHandler.process(AbstractProtocol.java:868)
	at org.apache.tomcat.util.net.NioEndpoint$SocketProcessor.doRun(NioEndpoint.java:1589)
	at org.apache.tomcat.util.net.SocketProcessorBase.run(SocketProcessorBase.java:49)
	at java.base/java.util.concurrent.ThreadPoolExecutor.runWorker(ThreadPoolExecutor.java:1128)
	at java.base/java.util.concurrent.ThreadPoolExecutor$Worker.run(ThreadPoolExecutor.java:628)
	at org.apache.tomcat.util.threads.TaskThread$WrappingRunnable.run(TaskThread.java:61)
	at java.base/java.lang.Thread.run(Thread.java:834)
2020-11-26 19:12:54.464 [background-preinit] INFO  o.h.validator.internal.util.Version - HV000001: Hibernate Validator 6.1.5.Final
2020-11-26 19:12:55.753 [background-preinit] WARN  o.s.h.c.j.Jackson2ObjectMapperBuilder - For Jackson Kotlin classes support please add "com.fasterxml.jackson.module:jackson-module-kotlin" to the classpath
2020-11-26 19:12:56.790 [main] INFO  c.s.article.ArticleApplication - The following profiles are active: dev
2020-11-26 19:12:59.614 [main] INFO  o.s.d.r.c.RepositoryConfigurationDelegate - Multiple Spring Data modules found, entering strict repository configuration mode!
2020-11-26 19:12:59.616 [main] INFO  o.s.d.r.c.RepositoryConfigurationDelegate - Bootstrapping Spring Data MongoDB repositories in DEFAULT mode.
2020-11-26 19:12:59.674 [main] INFO  o.s.d.r.c.RepositoryConfigurationDelegate - Finished Spring Data repository scanning in 51ms. Found 0 MongoDB repository interfaces.
2020-11-26 19:12:59.703 [main] INFO  o.s.d.r.c.RepositoryConfigurationDelegate - Multiple Spring Data modules found, entering strict repository configuration mode!
2020-11-26 19:12:59.706 [main] INFO  o.s.d.r.c.RepositoryConfigurationDelegate - Bootstrapping Spring Data Redis repositories in DEFAULT mode.
2020-11-26 19:12:59.731 [main] INFO  o.s.d.r.c.RepositoryConfigurationDelegate - Finished Spring Data repository scanning in 9ms. Found 0 Redis repository interfaces.
2020-11-26 19:13:00.188 [main] WARN  o.m.s.mapper.ClassPathMapperScanner - No MyBatis mapper was found in '[com.soft1851.article]' package. Please check your configuration.
2020-11-26 19:13:00.435 [main] INFO  o.s.cloud.context.scope.GenericScope - BeanFactory id=d64e091e-608c-3fb2-986a-1aa75372d97f
2020-11-26 19:13:01.821 [main] INFO  o.s.b.w.e.tomcat.TomcatWebServer - Tomcat initialized with port(s): 8001 (http)
2020-11-26 19:13:01.849 [main] INFO  o.a.coyote.http11.Http11NioProtocol - Initializing ProtocolHandler ["http-nio-8001"]
2020-11-26 19:13:01.850 [main] INFO  o.a.catalina.core.StandardService - Starting service [Tomcat]
2020-11-26 19:13:01.851 [main] INFO  o.a.catalina.core.StandardEngine - Starting Servlet engine: [Apache Tomcat/9.0.37]
2020-11-26 19:13:02.234 [main] INFO  o.a.c.c.C.[Tomcat].[localhost].[/] - Initializing Spring embedded WebApplicationContext
2020-11-26 19:13:02.234 [main] INFO  o.s.b.w.s.c.ServletWebServerApplicationContext - Root WebApplicationContext: initialization completed in 5372 ms
2020-11-26 19:13:06.549 [main] WARN  c.n.c.sources.URLConfigurationSource - No URLs will be polled as dynamic configuration sources.
2020-11-26 19:13:06.550 [main] INFO  c.n.c.sources.URLConfigurationSource - To enable URLs as dynamic configuration sources, define System property archaius.configurationSource.additionalUrls or make config.properties available on classpath.
2020-11-26 19:13:06.562 [main] WARN  c.n.c.sources.URLConfigurationSource - No URLs will be polled as dynamic configuration sources.
2020-11-26 19:13:06.564 [main] INFO  c.n.c.sources.URLConfigurationSource - To enable URLs as dynamic configuration sources, define System property archaius.configurationSource.additionalUrls or make config.properties available on classpath.
2020-11-26 19:13:06.991 [main] INFO  o.s.s.c.ThreadPoolTaskExecutor - Initializing ExecutorService 'applicationTaskExecutor'
2020-11-26 19:13:07.371 [main] INFO  t.m.m.a.MapperCacheDisabler - Clear tk.mybatis.mapper.util.MsUtil CLASS_CACHE cache.
2020-11-26 19:13:07.373 [main] INFO  t.m.m.a.MapperCacheDisabler - Clear tk.mybatis.mapper.genid.GenIdUtil CACHE cache.
2020-11-26 19:13:07.374 [main] INFO  t.m.m.a.MapperCacheDisabler - Clear tk.mybatis.mapper.version.VersionUtil CACHE cache.
2020-11-26 19:13:07.375 [main] INFO  t.m.m.a.MapperCacheDisabler - Clear EntityHelper entityTableMap cache.
2020-11-26 19:13:07.757 [main] INFO  org.mongodb.driver.cluster - Cluster created with settings {hosts=[120.55.50.130:27017], mode=SINGLE, requiredClusterType=UNKNOWN, serverSelectionTimeout='30000 ms', maxWaitQueueSize=500}
2020-11-26 19:13:08.023 [main] WARN  o.s.data.convert.CustomConversions - Registering converter from class java.time.LocalDateTime to class org.joda.time.LocalDateTime as reading converter although it doesn't convert from a store-supported type! You might want to check your annotation setup at the converter implementation.
2020-11-26 19:13:08.104 [cluster-ClusterId{value='5fbf8dc33673663947a0149b', description='null'}-120.55.50.130:27017] INFO  org.mongodb.driver.connection - Opened connection [connectionId{localValue:1, serverValue:368}] to 120.55.50.130:27017
2020-11-26 19:13:08.116 [main] WARN  o.s.data.convert.CustomConversions - Registering converter from class java.time.LocalDateTime to class org.joda.time.LocalDateTime as reading converter although it doesn't convert from a store-supported type! You might want to check your annotation setup at the converter implementation.
2020-11-26 19:13:08.153 [cluster-ClusterId{value='5fbf8dc33673663947a0149b', description='null'}-120.55.50.130:27017] INFO  org.mongodb.driver.cluster - Monitor thread successfully connected to server with description ServerDescription{address=120.55.50.130:27017, type=STANDALONE, state=CONNECTED, ok=true, version=ServerVersion{versionList=[4, 4, 2]}, minWireVersion=0, maxWireVersion=9, maxDocumentSize=16777216, logicalSessionTimeoutMinutes=30, roundTripTimeNanos=42441500}
2020-11-26 19:13:08.822 [main] INFO  o.s.s.c.ThreadPoolTaskScheduler - Initializing ExecutorService 'taskScheduler'
2020-11-26 19:13:09.764 [main] INFO  o.a.coyote.http11.Http11NioProtocol - Starting ProtocolHandler ["http-nio-8001"]
2020-11-26 19:13:09.838 [main] INFO  o.s.b.w.e.tomcat.TomcatWebServer - Tomcat started on port(s): 8001 (http) with context path ''
2020-11-26 19:13:10.466 [main] INFO  s.d.s.w.p.DocumentationPluginsBootstrapper - Context refreshed
2020-11-26 19:13:10.505 [main] INFO  s.d.s.w.p.DocumentationPluginsBootstrapper - Found 1 custom documentation plugin(s)
2020-11-26 19:13:10.535 [main] INFO  s.d.s.w.s.ApiListingReferenceScanner - Scanning for api listing references
2020-11-26 19:13:11.017 [main] INFO  c.s.article.ArticleApplication - Started ArticleApplication in 20.078 seconds (JVM running for 24.197)
2020-11-26 19:13:20.038 [scheduling-1] INFO  com.zaxxer.hikari.HikariDataSource - DateSourceHikariCP - Starting...
2020-11-26 19:13:20.328 [scheduling-1] INFO  com.zaxxer.hikari.HikariDataSource - DateSourceHikariCP - Start completed.
2020-11-26 19:16:50.768 [http-nio-8001-exec-1] INFO  o.a.c.c.C.[Tomcat].[localhost].[/] - Initializing Spring DispatcherServlet 'dispatcherServlet'
2020-11-26 19:16:50.768 [http-nio-8001-exec-1] INFO  o.s.web.servlet.DispatcherServlet - Initializing Servlet 'dispatcherServlet'
2020-11-26 19:16:50.785 [http-nio-8001-exec-1] INFO  o.s.web.servlet.DispatcherServlet - Completed initialization in 17 ms
